{"/Users/ebiederstedt/gGnome.js/js/misc.js":{"path":"/Users/ebiederstedt/gGnome.js/js/misc.js","s":{"1":0,"2":0,"3":0,"4":0,"5":0,"6":0,"7":0,"8":0,"9":0,"10":0,"11":0,"12":0,"13":0,"14":0,"15":0,"16":0,"17":0,"18":0,"19":0,"20":0,"21":0,"22":1,"23":0,"24":0,"25":0,"26":0,"27":0,"28":0,"29":0,"30":0,"31":0,"32":0,"33":0,"34":0,"35":1},"b":{"1":[0,0]},"f":{"1":0,"2":0,"3":0,"4":0,"5":0,"6":0,"7":0,"8":0,"9":0,"10":0,"11":0,"12":0,"13":0,"14":0},"fnMap":{"1":{"name":"(anonymous_1)","line":3,"loc":{"start":{"line":3,"column":17},"end":{"line":3,"column":23}}},"2":{"name":"(anonymous_2)","line":7,"loc":{"start":{"line":7,"column":29},"end":{"line":7,"column":32}}},"3":{"name":"(anonymous_3)","line":11,"loc":{"start":{"line":11,"column":29},"end":{"line":11,"column":32}}},"4":{"name":"(anonymous_4)","line":15,"loc":{"start":{"line":15,"column":15},"end":{"line":15,"column":23}}},"5":{"name":"(anonymous_5)","line":21,"loc":{"start":{"line":21,"column":19},"end":{"line":21,"column":22}}},"6":{"name":"(anonymous_6)","line":25,"loc":{"start":{"line":25,"column":17},"end":{"line":25,"column":30}}},"7":{"name":"(anonymous_7)","line":29,"loc":{"start":{"line":29,"column":21},"end":{"line":29,"column":24}}},"8":{"name":"(anonymous_8)","line":30,"loc":{"start":{"line":30,"column":17},"end":{"line":30,"column":29}}},"9":{"name":"(anonymous_9)","line":46,"loc":{"start":{"line":46,"column":18},"end":{"line":46,"column":41}}},"10":{"name":"(anonymous_10)","line":47,"loc":{"start":{"line":47,"column":17},"end":{"line":47,"column":29}}},"11":{"name":"(anonymous_11)","line":64,"loc":{"start":{"line":64,"column":17},"end":{"line":64,"column":20}}},"12":{"name":"S4","line":66,"loc":{"start":{"line":66,"column":4},"end":{"line":66,"column":18}}},"13":{"name":"(anonymous_13)","line":73,"loc":{"start":{"line":73,"column":18},"end":{"line":73,"column":22}}},"14":{"name":"(anonymous_14)","line":78,"loc":{"start":{"line":78,"column":16},"end":{"line":78,"column":34}}}},"statementMap":{"1":{"start":{"line":4,"column":4},"end":{"line":4,"column":71}},"2":{"start":{"line":8,"column":4},"end":{"line":8,"column":89}},"3":{"start":{"line":8,"column":53},"end":{"line":8,"column":65}},"4":{"start":{"line":12,"column":4},"end":{"line":12,"column":35}},"5":{"start":{"line":16,"column":4},"end":{"line":18,"column":7}},"6":{"start":{"line":17,"column":6},"end":{"line":17,"column":43}},"7":{"start":{"line":22,"column":4},"end":{"line":22,"column":34}},"8":{"start":{"line":26,"column":4},"end":{"line":26,"column":94}},"9":{"start":{"line":30,"column":4},"end":{"line":42,"column":9}},"10":{"start":{"line":31,"column":8},"end":{"line":31,"column":24}},"11":{"start":{"line":32,"column":8},"end":{"line":40,"column":11}},"12":{"start":{"line":38,"column":16},"end":{"line":38,"column":28}},"13":{"start":{"line":41,"column":8},"end":{"line":41,"column":20}},"14":{"start":{"line":43,"column":4},"end":{"line":43,"column":26}},"15":{"start":{"line":47,"column":4},"end":{"line":60,"column":9}},"16":{"start":{"line":48,"column":8},"end":{"line":48,"column":24}},"17":{"start":{"line":49,"column":8},"end":{"line":58,"column":11}},"18":{"start":{"line":56,"column":16},"end":{"line":56,"column":28}},"19":{"start":{"line":59,"column":8},"end":{"line":59,"column":20}},"20":{"start":{"line":61,"column":4},"end":{"line":61,"column":57}},"21":{"start":{"line":61,"column":32},"end":{"line":61,"column":54}},"22":{"start":{"line":66,"column":4},"end":{"line":68,"column":5}},"23":{"start":{"line":67,"column":8},"end":{"line":67,"column":73}},"24":{"start":{"line":70,"column":4},"end":{"line":70,"column":118}},"25":{"start":{"line":74,"column":4},"end":{"line":74,"column":66}},"26":{"start":{"line":75,"column":4},"end":{"line":75,"column":31}},"27":{"start":{"line":79,"column":6},"end":{"line":79,"column":28}},"28":{"start":{"line":80,"column":6},"end":{"line":88,"column":9}},"29":{"start":{"line":81,"column":10},"end":{"line":81,"column":38}},"30":{"start":{"line":82,"column":10},"end":{"line":82,"column":42}},"31":{"start":{"line":83,"column":10},"end":{"line":87,"column":11}},"32":{"start":{"line":84,"column":14},"end":{"line":84,"column":35}},"33":{"start":{"line":86,"column":14},"end":{"line":86,"column":36}},"34":{"start":{"line":89,"column":6},"end":{"line":89,"column":17}},"35":{"start":{"line":95,"column":0},"end":{"line":97,"column":1}}},"branchMap":{"1":{"line":83,"type":"if","locations":[{"start":{"line":83,"column":10},"end":{"line":83,"column":10}},{"start":{"line":83,"column":10},"end":{"line":83,"column":10}}]}}}}