TN:
SF:/Users/ebiederstedt/gGnome.js/js/misc.js
FN:3,(anonymous_1)
FN:7,(anonymous_2)
FN:11,(anonymous_3)
FN:15,(anonymous_4)
FN:21,(anonymous_5)
FN:25,(anonymous_6)
FN:29,(anonymous_7)
FN:30,(anonymous_8)
FN:46,(anonymous_9)
FN:47,(anonymous_10)
FN:64,(anonymous_11)
FN:66,S4
FN:73,(anonymous_13)
FN:78,(anonymous_14)
FNF:14
FNH:0
FNDA:0,(anonymous_1)
FNDA:0,(anonymous_2)
FNDA:0,(anonymous_3)
FNDA:0,(anonymous_4)
FNDA:0,(anonymous_5)
FNDA:0,(anonymous_6)
FNDA:0,(anonymous_7)
FNDA:0,(anonymous_8)
FNDA:0,(anonymous_9)
FNDA:0,(anonymous_10)
FNDA:0,(anonymous_11)
FNDA:0,S4
FNDA:0,(anonymous_13)
FNDA:0,(anonymous_14)
DA:4,0
DA:8,0
DA:12,0
DA:16,0
DA:17,0
DA:22,0
DA:26,0
DA:30,0
DA:31,0
DA:32,0
DA:38,0
DA:41,0
DA:43,0
DA:47,0
DA:48,0
DA:49,0
DA:56,0
DA:59,0
DA:61,0
DA:66,1
DA:67,0
DA:70,0
DA:74,0
DA:75,0
DA:79,0
DA:80,0
DA:81,0
DA:82,0
DA:83,0
DA:84,0
DA:86,0
DA:89,0
DA:95,1
LF:33
LH:2
BRDA:83,1,0,0
BRDA:83,1,1,0
BRF:2
BRH:0
end_of_record
